Command Line: /home/user_home/dxzhang/opt_local/spring/verdi200904/platform/LINUX/bin/syn2SymDB -o tsmc18 typical.lib
uname(Linux EDA 2.6.9-89.0.25.ELsmp #1 SMP Thu May 6 12:28:03 EDT 2010 i686)
Polarity(+) for (A) and (S) exists in cell(ADDFHX1) already, combine it with specified polarity(-) to be (x)
Polarity(+) for (B) and (S) exists in cell(ADDFHX1) already, combine it with specified polarity(-) to be (x)
Polarity(+) for (CI) and (S) exists in cell(ADDFHX1) already, combine it with specified polarity(-) to be (x)
Polarity(-) for (B) and (S) exists in cell(ADDFHX1) already, combine it with specified polarity(x) to be (x)
Polarity(-) for (A) and (S) exists in cell(ADDFHX1) already, combine it with specified polarity(x) to be (x)
Polarity(+) for (A) and (S) exists in cell(ADDFHX2) already, combine it with specified polarity(-) to be (x)
Polarity(+) for (B) and (S) exists in cell(ADDFHX2) already, combine it with specified polarity(-) to be (x)
Polarity(+) for (CI) and (S) exists in cell(ADDFHX2) already, combine it with specified polarity(-) to be (x)
Polarity(-) for (B) and (S) exists in cell(ADDFHX2) already, combine it with specified polarity(x) to be (x)
Polarity(-) for (A) and (S) exists in cell(ADDFHX2) already, combine it with specified polarity(x) to be (x)
Polarity(+) for (A) and (S) exists in cell(ADDFHX4) already, combine it with specified polarity(-) to be (x)
Polarity(+) for (B) and (S) exists in cell(ADDFHX4) already, combine it with specified polarity(-) to be (x)
Polarity(+) for (CI) and (S) exists in cell(ADDFHX4) already, combine it with specified polarity(-) to be (x)
Polarity(-) for (B) and (S) exists in cell(ADDFHX4) already, combine it with specified polarity(x) to be (x)
Polarity(-) for (A) and (S) exists in cell(ADDFHX4) already, combine it with specified polarity(x) to be (x)
Polarity(+) for (A) and (S) exists in cell(ADDFHXL) already, combine it with specified polarity(-) to be (x)
Polarity(+) for (B) and (S) exists in cell(ADDFHXL) already, combine it with specified polarity(-) to be (x)
Polarity(+) for (CI) and (S) exists in cell(ADDFHXL) already, combine it with specified polarity(-) to be (x)
Polarity(-) for (B) and (S) exists in cell(ADDFHXL) already, combine it with specified polarity(x) to be (x)
Polarity(-) for (A) and (S) exists in cell(ADDFHXL) already, combine it with specified polarity(x) to be (x)
Polarity(+) for (A) and (S) exists in cell(ADDFX1) already, combine it with specified polarity(-) to be (x)
Polarity(+) for (B) and (S) exists in cell(ADDFX1) already, combine it with specified polarity(-) to be (x)
Polarity(+) for (CI) and (S) exists in cell(ADDFX1) already, combine it with specified polarity(-) to be (x)
Polarity(-) for (B) and (S) exists in cell(ADDFX1) already, combine it with specified polarity(x) to be (x)
Polarity(-) for (A) and (S) exists in cell(ADDFX1) already, combine it with specified polarity(x) to be (x)
Polarity(+) for (A) and (S) exists in cell(ADDFX2) already, combine it with specified polarity(-) to be (x)
Polarity(+) for (B) and (S) exists in cell(ADDFX2) already, combine it with specified polarity(-) to be (x)
Polarity(+) for (CI) and (S) exists in cell(ADDFX2) already, combine it with specified polarity(-) to be (x)
Polarity(-) for (B) and (S) exists in cell(ADDFX2) already, combine it with specified polarity(x) to be (x)
Polarity(-) for (A) and (S) exists in cell(ADDFX2) already, combine it with specified polarity(x) to be (x)
Polarity(+) for (A) and (S) exists in cell(ADDFX4) already, combine it with specified polarity(-) to be (x)
Polarity(+) for (B) and (S) exists in cell(ADDFX4) already, combine it with specified polarity(-) to be (x)
Polarity(+) for (CI) and (S) exists in cell(ADDFX4) already, combine it with specified polarity(-) to be (x)
Polarity(-) for (B) and (S) exists in cell(ADDFX4) already, combine it with specified polarity(x) to be (x)
Polarity(-) for (A) and (S) exists in cell(ADDFX4) already, combine it with specified polarity(x) to be (x)
Polarity(+) for (A) and (S) exists in cell(ADDFXL) already, combine it with specified polarity(-) to be (x)
Polarity(+) for (B) and (S) exists in cell(ADDFXL) already, combine it with specified polarity(-) to be (x)
Polarity(+) for (CI) and (S) exists in cell(ADDFXL) already, combine it with specified polarity(-) to be (x)
Polarity(-) for (B) and (S) exists in cell(ADDFXL) already, combine it with specified polarity(x) to be (x)
Polarity(-) for (A) and (S) exists in cell(ADDFXL) already, combine it with specified polarity(x) to be (x)
Polarity(-) for (A) and (S) exists in cell(ADDHX1) already, combine it with specified polarity(+) to be (x)
Polarity(-) for (B) and (S) exists in cell(ADDHX1) already, combine it with specified polarity(+) to be (x)
Polarity(-) for (A) and (S) exists in cell(ADDHX2) already, combine it with specified polarity(+) to be (x)
Polarity(-) for (B) and (S) exists in cell(ADDHX2) already, combine it with specified polarity(+) to be (x)
Polarity(-) for (A) and (S) exists in cell(ADDHX4) already, combine it with specified polarity(+) to be (x)
Polarity(-) for (B) and (S) exists in cell(ADDHX4) already, combine it with specified polarity(+) to be (x)
Polarity(-) for (A) and (S) exists in cell(ADDHXL) already, combine it with specified polarity(+) to be (x)
Polarity(-) for (B) and (S) exists in cell(ADDHXL) already, combine it with specified polarity(+) to be (x)
Polarity(+) for (CS) and (S) exists in cell(AFCSHCINX2) already, combine it with specified polarity(-) to be (x)
Polarity(+) for (A) and (S) exists in cell(AFCSHCINX2) already, combine it with specified polarity(-) to be (x)
Polarity(-) for (A) and (S) exists in cell(AFCSHCINX2) already, combine it with specified polarity(+) to be (x)
Polarity(+) for (A) and (S) exists in cell(AFCSHCINX2) already, combine it with specified polarity(-) to be (x)
Polarity(+) for (B) and (S) exists in cell(AFCSHCINX2) already, combine it with specified polarity(-) to be (x)
Polarity(-) for (B) and (S) exists in cell(AFCSHCINX2) already, combine it with specified polarity(+) to be (x)
Polarity(+) for (B) and (S) exists in cell(AFCSHCINX2) already, combine it with specified polarity(-) to be (x)
Polarity(-) for (CI0N) and (S) exists in cell(AFCSHCINX2) already, combine it with specified polarity(+) to be (x)
Polarity(-) for (CI1N) and (S) exists in cell(AFCSHCINX2) already, combine it with specified polarity(+) to be (x)
Polarity(-) for (B) and (S) exists in cell(AFCSHCINX2) already, combine it with specified polarity(x) to be (x)
Polarity(-) for (A) and (S) exists in cell(AFCSHCINX2) already, combine it with specified polarity(x) to be (x)
Polarity(+) for (CS) and (S) exists in cell(AFCSHCINX4) already, combine it with specified polarity(-) to be (x)
Polarity(+) for (A) and (S) exists in cell(AFCSHCINX4) already, combine it with specified polarity(-) to be (x)
Polarity(-) for (A) and (S) exists in cell(AFCSHCINX4) already, combine it with specified polarity(+) to be (x)
Polarity(+) for (A) and (S) exists in cell(AFCSHCINX4) already, combine it with specified polarity(-) to be (x)
Polarity(+) for (B) and (S) exists in cell(AFCSHCINX4) already, combine it with specified polarity(-) to be (x)
Polarity(-) for (B) and (S) exists in cell(AFCSHCINX4) already, combine it with specified polarity(+) to be (x)
Polarity(+) for (B) and (S) exists in cell(AFCSHCINX4) already, combine it with specified polarity(-) to be (x)
Polarity(-) for (CI0N) and (S) exists in cell(AFCSHCINX4) already, combine it with specified polarity(+) to be (x)
Polarity(-) for (CI1N) and (S) exists in cell(AFCSHCINX4) already, combine it with specified polarity(+) to be (x)
Polarity(-) for (B) and (S) exists in cell(AFCSHCINX4) already, combine it with specified polarity(x) to be (x)
Polarity(-) for (A) and (S) exists in cell(AFCSHCINX4) already, combine it with specified polarity(x) to be (x)
Polarity(+) for (CS) and (S) exists in cell(AFCSHCONX2) already, combine it with specified polarity(-) to be (x)
Polarity(+) for (A) and (S) exists in cell(AFCSHCONX2) already, combine it with specified polarity(-) to be (x)
Polarity(-) for (A) and (S) exists in cell(AFCSHCONX2) already, combine it with specified polarity(+) to be (x)
Polarity(+) for (A) and (S) exists in cell(AFCSHCONX2) already, combine it with specified polarity(-) to be (x)
Polarity(+) for (B) and (S) exists in cell(AFCSHCONX2) already, combine it with specified polarity(-) to be (x)
Polarity(-) for (B) and (S) exists in cell(AFCSHCONX2) already, combine it with specified polarity(+) to be (x)
Polarity(+) for (B) and (S) exists in cell(AFCSHCONX2) already, combine it with specified polarity(-) to be (x)
Polarity(+) for (CI0) and (S) exists in cell(AFCSHCONX2) already, combine it with specified polarity(-) to be (x)
Polarity(+) for (CI1) and (S) exists in cell(AFCSHCONX2) already, combine it with specified polarity(-) to be (x)
Polarity(-) for (B) and (S) exists in cell(AFCSHCONX2) already, combine it with specified polarity(x) to be (x)
Polarity(-) for (A) and (S) exists in cell(AFCSHCONX2) already, combine it with specified polarity(x) to be (x)
Polarity(+) for (CS) and (S) exists in cell(AFCSHCONX4) already, combine it with specified polarity(-) to be (x)
Polarity(+) for (A) and (S) exists in cell(AFCSHCONX4) already, combine it with specified polarity(-) to be (x)
Polarity(-) for (A) and (S) exists in cell(AFCSHCONX4) already, combine it with specified polarity(+) to be (x)
Polarity(+) for (A) and (S) exists in cell(AFCSHCONX4) already, combine it with specified polarity(-) to be (x)
Polarity(+) for (B) and (S) exists in cell(AFCSHCONX4) already, combine it with specified polarity(-) to be (x)
Polarity(-) for (B) and (S) exists in cell(AFCSHCONX4) already, combine it with specified polarity(+) to be (x)
Polarity(+) for (B) and (S) exists in cell(AFCSHCONX4) already, combine it with specified polarity(-) to be (x)
Polarity(+) for (CI0) and (S) exists in cell(AFCSHCONX4) already, combine it with specified polarity(-) to be (x)
Polarity(+) for (CI1) and (S) exists in cell(AFCSHCONX4) already, combine it with specified polarity(-) to be (x)
Polarity(-) for (B) and (S) exists in cell(AFCSHCONX4) already, combine it with specified polarity(x) to be (x)
Polarity(-) for (A) and (S) exists in cell(AFCSHCONX4) already, combine it with specified polarity(x) to be (x)
Polarity(+) for (A) and (S) exists in cell(AFHCINX2) already, combine it with specified polarity(-) to be (x)
Polarity(+) for (B) and (S) exists in cell(AFHCINX2) already, combine it with specified polarity(-) to be (x)
Polarity(-) for (CIN) and (S) exists in cell(AFHCINX2) already, combine it with specified polarity(+) to be (x)
Polarity(-) for (B) and (S) exists in cell(AFHCINX2) already, combine it with specified polarity(x) to be (x)
Polarity(-) for (A) and (S) exists in cell(AFHCINX2) already, combine it with specified polarity(x) to be (x)
Polarity(+) for (A) and (S) exists in cell(AFHCINX4) already, combine it with specified polarity(-) to be (x)
Polarity(+) for (B) and (S) exists in cell(AFHCINX4) already, combine it with specified polarity(-) to be (x)
Polarity(-) for (CIN) and (S) exists in cell(AFHCINX4) already, combine it with specified polarity(+) to be (x)
Polarity(-) for (B) and (S) exists in cell(AFHCINX4) already, combine it with specified polarity(x) to be (x)
Polarity(-) for (A) and (S) exists in cell(AFHCINX4) already, combine it with specified polarity(x) to be (x)
Polarity(+) for (A) and (S) exists in cell(AFHCONX2) already, combine it with specified polarity(-) to be (x)
Polarity(+) for (B) and (S) exists in cell(AFHCONX2) already, combine it with specified polarity(-) to be (x)
Polarity(+) for (CI) and (S) exists in cell(AFHCONX2) already, combine it with specified polarity(-) to be (x)
Polarity(-) for (B) and (S) exists in cell(AFHCONX2) already, combine it with specified polarity(x) to be (x)
Polarity(-) for (A) and (S) exists in cell(AFHCONX2) already, combine it with specified polarity(x) to be (x)
Polarity(+) for (A) and (S) exists in cell(AFHCONX4) already, combine it with specified polarity(-) to be (x)
Polarity(+) for (B) and (S) exists in cell(AFHCONX4) already, combine it with specified polarity(-) to be (x)
Polarity(+) for (CI) and (S) exists in cell(AFHCONX4) already, combine it with specified polarity(-) to be (x)
Polarity(-) for (B) and (S) exists in cell(AFHCONX4) already, combine it with specified polarity(x) to be (x)
Polarity(-) for (A) and (S) exists in cell(AFHCONX4) already, combine it with specified polarity(x) to be (x)
Polarity(-) for (A) and (S) exists in cell(AHHCINX2) already, combine it with specified polarity(+) to be (x)
Polarity(+) for (CIN) and (S) exists in cell(AHHCINX2) already, combine it with specified polarity(-) to be (x)
Polarity(-) for (A) and (S) exists in cell(AHHCINX4) already, combine it with specified polarity(+) to be (x)
Polarity(+) for (CIN) and (S) exists in cell(AHHCINX4) already, combine it with specified polarity(-) to be (x)
Polarity(-) for (A) and (S) exists in cell(AHHCONX2) already, combine it with specified polarity(+) to be (x)
Polarity(-) for (CI) and (S) exists in cell(AHHCONX2) already, combine it with specified polarity(+) to be (x)
Polarity(-) for (A) and (S) exists in cell(AHHCONX4) already, combine it with specified polarity(+) to be (x)
Polarity(-) for (CI) and (S) exists in cell(AHHCONX4) already, combine it with specified polarity(+) to be (x)
Polarity(+) for (M1) and (X2) exists in cell(BENCX1) already, combine it with specified polarity(-) to be (x)
Polarity(+) for (M0) and (X2) exists in cell(BENCX1) already, combine it with specified polarity(-) to be (x)
Polarity(+) for (M1) and (X2) exists in cell(BENCX2) already, combine it with specified polarity(-) to be (x)
Polarity(+) for (M0) and (X2) exists in cell(BENCX2) already, combine it with specified polarity(-) to be (x)
Polarity(+) for (M1) and (X2) exists in cell(BENCX4) already, combine it with specified polarity(-) to be (x)
Polarity(+) for (M0) and (X2) exists in cell(BENCX4) already, combine it with specified polarity(-) to be (x)
Polarity(-) for (X2) and (PP) exists in cell(BMXX1) already, combine it with specified polarity(+) to be (x)
Polarity(+) for (M0) and (PP) exists in cell(BMXX1) already, combine it with specified polarity(-) to be (x)
Polarity(+) for (M1) and (PP) exists in cell(BMXX1) already, combine it with specified polarity(-) to be (x)
Polarity(-) for (A) and (S) exists in cell(CMPR22X1) already, combine it with specified polarity(+) to be (x)
Polarity(-) for (B) and (S) exists in cell(CMPR22X1) already, combine it with specified polarity(+) to be (x)
Polarity(+) for (A) and (S) exists in cell(CMPR32X1) already, combine it with specified polarity(-) to be (x)
Polarity(+) for (B) and (S) exists in cell(CMPR32X1) already, combine it with specified polarity(-) to be (x)
Polarity(+) for (C) and (S) exists in cell(CMPR32X1) already, combine it with specified polarity(-) to be (x)
Polarity(-) for (B) and (S) exists in cell(CMPR32X1) already, combine it with specified polarity(x) to be (x)
Polarity(-) for (A) and (S) exists in cell(CMPR32X1) already, combine it with specified polarity(x) to be (x)
Polarity(-) for (A) and (CO) exists in cell(CMPR42X1) already, combine it with specified polarity(+) to be (x)
Polarity(-) for (B) and (CO) exists in cell(CMPR42X1) already, combine it with specified polarity(+) to be (x)
Polarity(-) for (C) and (CO) exists in cell(CMPR42X1) already, combine it with specified polarity(+) to be (x)
Polarity(-) for (A) and (S) exists in cell(CMPR42X1) already, combine it with specified polarity(+) to be (x)
Polarity(-) for (B) and (S) exists in cell(CMPR42X1) already, combine it with specified polarity(+) to be (x)
Polarity(-) for (C) and (S) exists in cell(CMPR42X1) already, combine it with specified polarity(+) to be (x)
Polarity(-) for (D) and (S) exists in cell(CMPR42X1) already, combine it with specified polarity(+) to be (x)
Polarity(-) for (ICI) and (S) exists in cell(CMPR42X1) already, combine it with specified polarity(+) to be (x)
Polarity(-) for (A) and (CO) exists in cell(CMPR42X2) already, combine it with specified polarity(+) to be (x)
Polarity(-) for (B) and (CO) exists in cell(CMPR42X2) already, combine it with specified polarity(+) to be (x)
Polarity(-) for (C) and (CO) exists in cell(CMPR42X2) already, combine it with specified polarity(+) to be (x)
Polarity(-) for (A) and (S) exists in cell(CMPR42X2) already, combine it with specified polarity(+) to be (x)
Polarity(-) for (B) and (S) exists in cell(CMPR42X2) already, combine it with specified polarity(+) to be (x)
Polarity(-) for (C) and (S) exists in cell(CMPR42X2) already, combine it with specified polarity(+) to be (x)
Polarity(-) for (D) and (S) exists in cell(CMPR42X2) already, combine it with specified polarity(+) to be (x)
Polarity(-) for (ICI) and (S) exists in cell(CMPR42X2) already, combine it with specified polarity(+) to be (x)
Polarity(-) for (S0) and (Y) exists in cell(MX2X1) already, combine it with specified polarity(+) to be (x)
Polarity(-) for (S0) and (Y) exists in cell(MX2X2) already, combine it with specified polarity(+) to be (x)
Polarity(-) for (S0) and (Y) exists in cell(MX2X4) already, combine it with specified polarity(+) to be (x)
Polarity(-) for (S0) and (Y) exists in cell(MX2XL) already, combine it with specified polarity(+) to be (x)
Polarity(-) for (S1) and (Y) exists in cell(MX4X1) already, combine it with specified polarity(+) to be (x)
Polarity(-) for (S1) and (Y) exists in cell(MX4X1) already, combine it with specified polarity(+) to be (x)
Polarity(-) for (S0) and (Y) exists in cell(MX4X1) already, combine it with specified polarity(+) to be (x)
Polarity(-) for (S0) and (Y) exists in cell(MX4X1) already, combine it with specified polarity(+) to be (x)
Polarity(-) for (S1) and (Y) exists in cell(MX4X2) already, combine it with specified polarity(+) to be (x)
Polarity(-) for (S1) and (Y) exists in cell(MX4X2) already, combine it with specified polarity(+) to be (x)
Polarity(-) for (S0) and (Y) exists in cell(MX4X2) already, combine it with specified polarity(+) to be (x)
Polarity(-) for (S0) and (Y) exists in cell(MX4X2) already, combine it with specified polarity(+) to be (x)
Polarity(-) for (S1) and (Y) exists in cell(MX4X4) already, combine it with specified polarity(+) to be (x)
Polarity(-) for (S1) and (Y) exists in cell(MX4X4) already, combine it with specified polarity(+) to be (x)
Polarity(-) for (S0) and (Y) exists in cell(MX4X4) already, combine it with specified polarity(+) to be (x)
Polarity(-) for (S0) and (Y) exists in cell(MX4X4) already, combine it with specified polarity(+) to be (x)
Polarity(-) for (S1) and (Y) exists in cell(MX4XL) already, combine it with specified polarity(+) to be (x)
Polarity(-) for (S1) and (Y) exists in cell(MX4XL) already, combine it with specified polarity(+) to be (x)
Polarity(-) for (S0) and (Y) exists in cell(MX4XL) already, combine it with specified polarity(+) to be (x)
Polarity(-) for (S0) and (Y) exists in cell(MX4XL) already, combine it with specified polarity(+) to be (x)
Polarity(+) for (S0) and (Y) exists in cell(MXI2X1) already, combine it with specified polarity(-) to be (x)
Polarity(+) for (S0) and (Y) exists in cell(MXI2X2) already, combine it with specified polarity(-) to be (x)
Polarity(+) for (S0) and (Y) exists in cell(MXI2X4) already, combine it with specified polarity(-) to be (x)
Polarity(+) for (S0) and (Y) exists in cell(MXI2XL) already, combine it with specified polarity(-) to be (x)
Polarity(+) for (S1) and (Y) exists in cell(MXI4X1) already, combine it with specified polarity(-) to be (x)
Polarity(+) for (S1) and (Y) exists in cell(MXI4X1) already, combine it with specified polarity(-) to be (x)
Polarity(+) for (S0) and (Y) exists in cell(MXI4X1) already, combine it with specified polarity(-) to be (x)
Polarity(+) for (S0) and (Y) exists in cell(MXI4X1) already, combine it with specified polarity(-) to be (x)
Polarity(+) for (S1) and (Y) exists in cell(MXI4X2) already, combine it with specified polarity(-) to be (x)
Polarity(+) for (S1) and (Y) exists in cell(MXI4X2) already, combine it with specified polarity(-) to be (x)
Polarity(+) for (S0) and (Y) exists in cell(MXI4X2) already, combine it with specified polarity(-) to be (x)
Polarity(+) for (S0) and (Y) exists in cell(MXI4X2) already, combine it with specified polarity(-) to be (x)
Polarity(+) for (S1) and (Y) exists in cell(MXI4X4) already, combine it with specified polarity(-) to be (x)
Polarity(+) for (S1) and (Y) exists in cell(MXI4X4) already, combine it with specified polarity(-) to be (x)
Polarity(+) for (S0) and (Y) exists in cell(MXI4X4) already, combine it with specified polarity(-) to be (x)
Polarity(+) for (S0) and (Y) exists in cell(MXI4X4) already, combine it with specified polarity(-) to be (x)
Polarity(+) for (S1) and (Y) exists in cell(MXI4XL) already, combine it with specified polarity(-) to be (x)
Polarity(+) for (S1) and (Y) exists in cell(MXI4XL) already, combine it with specified polarity(-) to be (x)
Polarity(+) for (S0) and (Y) exists in cell(MXI4XL) already, combine it with specified polarity(-) to be (x)
Polarity(+) for (S0) and (Y) exists in cell(MXI4XL) already, combine it with specified polarity(-) to be (x)
Polarity(-) for (RW) and (RB) exists in cell(RF1R1WX2) already, combine it with specified polarity(+) to be (x)
Polarity(+) for (RWN) and (RB) exists in cell(RF1R1WX2) already, combine it with specified polarity(-) to be (x)
Polarity(-) for (R2W) and (R2B) exists in cell(RF2R1WX2) already, combine it with specified polarity(+) to be (x)
Polarity(-) for (R1W) and (R1B) exists in cell(RF2R1WX2) already, combine it with specified polarity(+) to be (x)
Polarity(-) for (OE) and (Y) exists in cell(TBUFIX1) already, combine it with specified polarity(+) to be (x)
Polarity(-) for (OE) and (Y) exists in cell(TBUFIX12) already, combine it with specified polarity(+) to be (x)
Polarity(-) for (OE) and (Y) exists in cell(TBUFIX16) already, combine it with specified polarity(+) to be (x)
Polarity(-) for (OE) and (Y) exists in cell(TBUFIX2) already, combine it with specified polarity(+) to be (x)
Polarity(-) for (OE) and (Y) exists in cell(TBUFIX20) already, combine it with specified polarity(+) to be (x)
Polarity(-) for (OE) and (Y) exists in cell(TBUFIX3) already, combine it with specified polarity(+) to be (x)
Polarity(-) for (OE) and (Y) exists in cell(TBUFIX4) already, combine it with specified polarity(+) to be (x)
Polarity(-) for (OE) and (Y) exists in cell(TBUFIX8) already, combine it with specified polarity(+) to be (x)
Polarity(-) for (OE) and (Y) exists in cell(TBUFIXL) already, combine it with specified polarity(+) to be (x)
Polarity(-) for (OE) and (Y) exists in cell(TBUFX1) already, combine it with specified polarity(+) to be (x)
Polarity(-) for (OE) and (Y) exists in cell(TBUFX12) already, combine it with specified polarity(+) to be (x)
Polarity(-) for (OE) and (Y) exists in cell(TBUFX16) already, combine it with specified polarity(+) to be (x)
Polarity(-) for (OE) and (Y) exists in cell(TBUFX2) already, combine it with specified polarity(+) to be (x)
Polarity(-) for (OE) and (Y) exists in cell(TBUFX20) already, combine it with specified polarity(+) to be (x)
Polarity(-) for (OE) and (Y) exists in cell(TBUFX3) already, combine it with specified polarity(+) to be (x)
Polarity(-) for (OE) and (Y) exists in cell(TBUFX4) already, combine it with specified polarity(+) to be (x)
Polarity(-) for (OE) and (Y) exists in cell(TBUFX8) already, combine it with specified polarity(+) to be (x)
Polarity(-) for (OE) and (Y) exists in cell(TBUFXL) already, combine it with specified polarity(+) to be (x)
Polarity(-) for (OE) and (Q) exists in cell(TTLATX1) already, combine it with specified polarity(+) to be (x)
Polarity(-) for (OE) and (Q) exists in cell(TTLATX2) already, combine it with specified polarity(+) to be (x)
Polarity(-) for (OE) and (Q) exists in cell(TTLATX4) already, combine it with specified polarity(+) to be (x)
Polarity(-) for (OE) and (Q) exists in cell(TTLATXL) already, combine it with specified polarity(+) to be (x)
Polarity(+) for (A) and (Y) exists in cell(XNOR2X1) already, combine it with specified polarity(-) to be (x)
Polarity(+) for (B) and (Y) exists in cell(XNOR2X1) already, combine it with specified polarity(-) to be (x)
Polarity(+) for (A) and (Y) exists in cell(XNOR2X2) already, combine it with specified polarity(-) to be (x)
Polarity(+) for (B) and (Y) exists in cell(XNOR2X2) already, combine it with specified polarity(-) to be (x)
Polarity(+) for (A) and (Y) exists in cell(XNOR2X4) already, combine it with specified polarity(-) to be (x)
Polarity(+) for (B) and (Y) exists in cell(XNOR2X4) already, combine it with specified polarity(-) to be (x)
Polarity(+) for (A) and (Y) exists in cell(XNOR2XL) already, combine it with specified polarity(-) to be (x)
Polarity(+) for (B) and (Y) exists in cell(XNOR2XL) already, combine it with specified polarity(-) to be (x)
Polarity(-) for (A) and (Y) exists in cell(XNOR3X2) already, combine it with specified polarity(+) to be (x)
Polarity(-) for (B) and (Y) exists in cell(XNOR3X2) already, combine it with specified polarity(+) to be (x)
Polarity(-) for (C) and (Y) exists in cell(XNOR3X2) already, combine it with specified polarity(+) to be (x)
Polarity(+) for (B) and (Y) exists in cell(XNOR3X2) already, combine it with specified polarity(x) to be (x)
Polarity(+) for (A) and (Y) exists in cell(XNOR3X2) already, combine it with specified polarity(x) to be (x)
Polarity(-) for (A) and (Y) exists in cell(XNOR3X4) already, combine it with specified polarity(+) to be (x)
Polarity(-) for (B) and (Y) exists in cell(XNOR3X4) already, combine it with specified polarity(+) to be (x)
Polarity(-) for (C) and (Y) exists in cell(XNOR3X4) already, combine it with specified polarity(+) to be (x)
Polarity(+) for (B) and (Y) exists in cell(XNOR3X4) already, combine it with specified polarity(x) to be (x)
Polarity(+) for (A) and (Y) exists in cell(XNOR3X4) already, combine it with specified polarity(x) to be (x)
Polarity(-) for (A) and (Y) exists in cell(XOR2X1) already, combine it with specified polarity(+) to be (x)
Polarity(-) for (B) and (Y) exists in cell(XOR2X1) already, combine it with specified polarity(+) to be (x)
Polarity(-) for (A) and (Y) exists in cell(XOR2X2) already, combine it with specified polarity(+) to be (x)
Polarity(-) for (B) and (Y) exists in cell(XOR2X2) already, combine it with specified polarity(+) to be (x)
Polarity(-) for (A) and (Y) exists in cell(XOR2X4) already, combine it with specified polarity(+) to be (x)
Polarity(-) for (B) and (Y) exists in cell(XOR2X4) already, combine it with specified polarity(+) to be (x)
Polarity(-) for (A) and (Y) exists in cell(XOR2XL) already, combine it with specified polarity(+) to be (x)
Polarity(-) for (B) and (Y) exists in cell(XOR2XL) already, combine it with specified polarity(+) to be (x)
Polarity(+) for (A) and (Y) exists in cell(XOR3X2) already, combine it with specified polarity(-) to be (x)
Polarity(+) for (B) and (Y) exists in cell(XOR3X2) already, combine it with specified polarity(-) to be (x)
Polarity(+) for (C) and (Y) exists in cell(XOR3X2) already, combine it with specified polarity(-) to be (x)
Polarity(-) for (B) and (Y) exists in cell(XOR3X2) already, combine it with specified polarity(x) to be (x)
Polarity(-) for (A) and (Y) exists in cell(XOR3X2) already, combine it with specified polarity(x) to be (x)
Polarity(+) for (A) and (Y) exists in cell(XOR3X4) already, combine it with specified polarity(-) to be (x)
Polarity(+) for (B) and (Y) exists in cell(XOR3X4) already, combine it with specified polarity(-) to be (x)
Polarity(+) for (C) and (Y) exists in cell(XOR3X4) already, combine it with specified polarity(-) to be (x)
Polarity(-) for (B) and (Y) exists in cell(XOR3X4) already, combine it with specified polarity(x) to be (x)
Polarity(-) for (A) and (Y) exists in cell(XOR3X4) already, combine it with specified polarity(x) to be (x)

        1 bus_keeper
        0 ioPad
       18 triStates
       33 macros
      140 flip-flops
       46 latches
      232 combination gates
------------------------------
      470 cells in library(tsmc18) [total (470) cells in file]

Total: (254) warning(s)/error(s)
au time 1.891034 1.696742 0.045993 delta 6290320 6225920 total 6422528 6422528
